<?xml version="1.0" encoding="UTF-8"?>
<!-- Generated by org.testng.reporters.JUnitXMLReporter -->
<testsuite ignored="0" hostname="EPRURYAW0060" failures="0" tests="10" name="TestYandexMail" time="164.433" errors="0" timestamp="15 May 2018 12:32:56 GMT">
  <testcase classname="mail.pom.tests.cases.LoginTest" name="login" time="0.027"/>
  <testcase classname="mail.pom.tests.cases.CreateDraftTest" name="createMessage" time="5.089"/>
  <testcase classname="mail.pom.tests.cases.CreateDraftTest" name="createMessage" time="5.527"/>
  <testcase classname="mail.pom.tests.cases.VerifyDraftsTests" name="verifyDraft" time="8.398"/>
  <testcase classname="mail.pom.tests.cases.VerifyDraftsTests" name="verifyDraft" time="7.316"/>
  <testcase classname="mail.pom.tests.cases.SendLetterTest" name="sendLetter" time="5.349"/>
  <testcase classname="mail.pom.tests.cases.SendLetterTest" name="sendLetter" time="3.474"/>
  <testcase classname="mail.pom.tests.cases.TransferDraft" name="trancferDrafts" time="10.494"/>
  <testcase classname="mail.pom.tests.cases.TransferDraft" name="trancferDrafts" time="7.779"/>
  <testcase classname="mail.pom.tests.cases.LogOutTest" name="logOut" time="1.651"/>
</testsuite> <!-- TestYandexMail -->
