<?xml version="1.0" encoding="UTF-8"?>
<!-- Generated by org.testng.reporters.JUnitXMLReporter -->
<testsuite hostname="EPRURYAW0060" ignored="6" name="TestNgMail" tests="6" failures="0" timestamp="30 Mar 2018 08:54:55 GMT" time="20.16" errors="0">
  <testcase name="logInTest" time="7.247" classname="mail.tests.LoginTest"/>
  <testcase name="createDraft" time="1.288" classname="mail.tests.CreateDraftTest"/>
  <testcase name="createDraft" time="0.553" classname="mail.tests.CreateDraftTest"/>
  <testcase name="verifyDraft" time="1.377" classname="mail.tests.VerifyDraftsTests"/>
  <testcase name="verifyDraft" time="1.536" classname="mail.tests.VerifyDraftsTests"/>
  <testcase name="logOut" time="1.535" classname="mail.tests.LogOutTest"/>
  <testcase name="@AfterSuite afterSute" time="0.0" classname="mail.tests.Basic">
    <ignored/>
  </testcase> <!-- @AfterSuite afterSute -->
  <testcase name="@AfterSuite afterSute" time="0.0" classname="mail.tests.Basic">
    <ignored/>
  </testcase> <!-- @AfterSuite afterSute -->
  <testcase name="@AfterSuite afterSute" time="0.0" classname="mail.tests.Basic">
    <ignored/>
  </testcase> <!-- @AfterSuite afterSute -->
  <testcase name="@BeforeSuite beforeSute" time="0.0" classname="mail.tests.Basic">
    <ignored/>
  </testcase> <!-- @BeforeSuite beforeSute -->
  <testcase name="@BeforeSuite beforeSute" time="0.0" classname="mail.tests.Basic">
    <ignored/>
  </testcase> <!-- @BeforeSuite beforeSute -->
  <testcase name="@BeforeSuite beforeSute" time="0.0" classname="mail.tests.Basic">
    <ignored/>
  </testcase> <!-- @BeforeSuite beforeSute -->
</testsuite> <!-- TestNgMail -->
