<?xml version="1.0" encoding="UTF-8"?>
<!-- Generated by org.testng.reporters.JUnitXMLReporter -->
<testsuite ignored="0" hostname="EPRURYAW0060" failures="0" tests="10" name="TestYandexMail" time="86.366" errors="0" timestamp="16 May 2018 10:08:55 GMT">
  <testcase classname="mail.pom.tests.cases.LoginTest" name="login" time="0.086"/>
  <testcase classname="mail.pom.tests.cases.CreateDraftTest" name="createMessage" time="7.288"/>
  <testcase classname="mail.pom.tests.cases.CreateDraftTest" name="createMessage" time="3.569"/>
  <testcase classname="mail.pom.tests.cases.VerifyDraftsTests" name="verifyDraft" time="8.972"/>
  <testcase classname="mail.pom.tests.cases.VerifyDraftsTests" name="verifyDraft" time="7.368"/>
  <testcase classname="mail.pom.tests.cases.SendLetterTest" name="sendLetter" time="4.107"/>
  <testcase classname="mail.pom.tests.cases.SendLetterTest" name="sendLetter" time="3.872"/>
  <testcase classname="mail.pom.tests.cases.TransferDraft" name="trancferDrafts" time="9.028"/>
  <testcase classname="mail.pom.tests.cases.TransferDraft" name="trancferDrafts" time="7.109"/>
  <testcase classname="mail.pom.tests.cases.LogOutTest" name="logOut" time="1.318"/>
</testsuite> <!-- TestYandexMail -->
