<?xml version="1.0" encoding="UTF-8"?>
<!-- Generated by org.testng.reporters.JUnitXMLReporter -->
<testsuite ignored="0" hostname="EPRURYAW0060" failures="1" tests="10" name="TestMail1" time="190.031" errors="0" timestamp="11 May 2018 12:17:24 GMT">
  <testcase classname="mail.pom.tests.cases.LoginTest" name="login" time="0.019"/>
  <testcase classname="mail.pom.tests.cases.CreateDraftTest" name="createMessage" time="4.423"/>
  <testcase classname="mail.pom.tests.cases.CreateDraftTest" name="createMessage" time="4.663"/>
  <testcase classname="mail.pom.tests.cases.VerifyDraftsTests" name="verifyDraft" time="8.226"/>
  <testcase classname="mail.pom.tests.cases.VerifyDraftsTests" name="verifyDraft" time="8.092"/>
  <testcase classname="mail.pom.tests.cases.SendLetterTest" name="sendLetter" time="4.713"/>
  <testcase classname="mail.pom.tests.cases.SendLetterTest" name="sendLetter" time="3.609"/>
  <testcase classname="mail.pom.tests.cases.TransferDraft" name="trancferDrafts" time="8.388"/>
  <testcase classname="mail.pom.tests.cases.TransferDraft" name="trancferDrafts" time="7.839"/>
  <testcase classname="mail.pom.tests.cases.LogOutTest" name="logOut" time="30.231">
    <failure type="org.openqa.selenium.WebDriverException" message="Unable to convert: {actions=[org.openqa.selenium.interactions.Sequence@53b98ff6]}">
      <![CDATA[org.openqa.selenium.WebDriverException: Unable to convert: {actions=[org.openqa.selenium.interactions.Sequence@53b98ff6]}
	at org.openqa.selenium.json.BeanToJsonConverter.convert(BeanToJsonConverter.java:77)
	at org.openqa.selenium.json.Json.toJson(Json.java:60)
	at org.openqa.selenium.remote.http.AbstractHttpCommandCodec.encode(AbstractHttpCommandCodec.java:227)
	at org.openqa.selenium.remote.http.AbstractHttpCommandCodec.encode(AbstractHttpCommandCodec.java:117)
	at org.openqa.selenium.remote.HttpCommandExecutor.execute(HttpCommandExecutor.java:152)
	at org.openqa.selenium.remote.service.DriverCommandExecutor.execute(DriverCommandExecutor.java:83)
	at org.openqa.selenium.remote.RemoteWebDriver.execute(RemoteWebDriver.java:545)
	at org.openqa.selenium.remote.RemoteWebDriver.perform(RemoteWebDriver.java:611)
	at org.openqa.selenium.interactions.Actions$BuiltAction.perform(Actions.java:638)
	at mail.pom.pages.overall.OverallButtonsOnPages.logout(OverallButtonsOnPages.java:60)
	at mail.pom.tests.cases.LogOutTest.logOut(LogOutTest.java:21)
Caused by: org.openqa.selenium.WebDriverException: Unable to convert: {actions=[org.openqa.selenium.interactions.Sequence@53b98ff6]}
	at org.openqa.selenium.json.BeanToJsonConverter.convertObject(BeanToJsonConverter.java:96)
	at org.openqa.selenium.json.BeanToJsonConverter.convert(BeanToJsonConverter.java:74)
	... 35 more
Build info: version: '3.11.0', revision: 'e59cfb3', time: '2018-03-11T20:26:55.152Z'
System info: host: 'EPRURYAW0060', ip: '10.19.10.150', os.name: 'Windows 10', os.arch: 'amd64', os.version: '10.0', java.version: '9.0.4'
Driver info: driver.version: RemoteWebDriver
	at org.openqa.selenium.json.BeanToJsonConverter.convertObject(BeanToJsonConverter.java:198)
	at org.openqa.selenium.json.BeanToJsonConverter.convertObject(BeanToJsonConverter.java:146)
	at org.openqa.selenium.json.BeanToJsonConverter.convertObject(BeanToJsonConverter.java:134)
	at org.openqa.selenium.json.BeanToJsonConverter.convertObject(BeanToJsonConverter.java:94)
	... 36 more
	at org.openqa.selenium.json.BeanToJsonConverter.convertObject(BeanToJsonConverter.java:181)
	... 39 more
Caused by: org.openqa.selenium.NoSuchElementException: Unable to locate element: //*[contains(text(),'Выход')]
For documentation on this error, please visit: http://seleniumhq.org/exceptions/no_such_element.html
Build info: version: '3.11.0', revision: 'e59cfb3', time: '2018-03-11T20:26:55.152Z'
System info: host: 'EPRURYAW0060', ip: '10.19.10.150', os.name: 'Windows 10', os.arch: 'amd64', os.version: '10.0', java.version: '9.0.4'
Driver info: org.openqa.selenium.firefox.FirefoxDriver
Capabilities {acceptInsecureCerts: true, browserName: firefox, browserVersion: 59.0.3, javascriptEnabled: true, moz:accessibilityChecks: false, moz:headless: false, moz:processID: 10444, moz:profile: C:\Users\Igor_Morozov\AppDa..., moz:useNonSpecCompliantPointerOrigin: false, moz:webdriverClick: true, pageLoadStrategy: normal, platform: XP, platformName: XP, platformVersion: 10.0, rotatable: false, timeouts: {implicit: 0, pageLoad: 300000, script: 30000}}
Session ID: bf5e9ca7-5fda-4571-99e7-812b95b5b31d
*** Element info: {Using=xpath, value=//*[contains(text(),'Выход')]}
	at org.openqa.selenium.remote.http.W3CHttpResponseCodec.createException(W3CHttpResponseCodec.java:187)
	at org.openqa.selenium.remote.http.W3CHttpResponseCodec.decode(W3CHttpResponseCodec.java:122)
	at org.openqa.selenium.remote.http.W3CHttpResponseCodec.decode(W3CHttpResponseCodec.java:49)
	at org.openqa.selenium.remote.HttpCommandExecutor.execute(HttpCommandExecutor.java:158)
	at org.openqa.selenium.remote.service.DriverCommandExecutor.execute(DriverCommandExecutor.java:83)
	at org.openqa.selenium.remote.RemoteWebDriver.execute(RemoteWebDriver.java:545)
	at org.openqa.selenium.remote.RemoteWebDriver.findElement(RemoteWebDriver.java:319)
	at org.openqa.selenium.remote.RemoteWebDriver.findElementByXPath(RemoteWebDriver.java:421)
	at org.openqa.selenium.By$ByXPath.findElement(By.java:361)
	at org.openqa.selenium.remote.RemoteWebDriver.findElement(RemoteWebDriver.java:311)
	at org.openqa.selenium.support.pagefactory.DefaultElementLocator.findElement(DefaultElementLocator.java:69)
	at org.openqa.selenium.support.pagefactory.internal.LocatingElementHandler.invoke(LocatingElementHandler.java:38)
	at com.sun.proxy.$Proxy17.getWrappedElement(Unknown Source)
	at org.openqa.selenium.interactions.PointerInput$Origin.asArg(PointerInput.java:203)
	at org.openqa.selenium.interactions.PointerInput$Move.encode(PointerInput.java:154)
	at org.openqa.selenium.interactions.Sequence.encode(Sequence.java:75)
	at org.openqa.selenium.interactions.Sequence.toJson(Sequence.java:84)
	... 43 more
... Removed 34 stack frames]]>
    </failure>
  </testcase> <!-- logOut -->
</testsuite> <!-- TestMail1 -->
