<?xml version="1.0" encoding="UTF-8"?>
<!-- Generated by org.testng.reporters.JUnitXMLReporter -->
<testsuite hostname="EPRURYAW0060" ignored="6" name="TestMail" tests="6" failures="0" timestamp="30 Mar 2018 13:48:57 GMT" time="22.397" errors="0">
  <testcase name="logInTest" time="8.835" classname="mail.tests.LoginTest"/>
  <testcase name="createDraft" time="2.118" classname="mail.tests.CreateDraftTest"/>
  <testcase name="createDraft" time="2.161" classname="mail.tests.CreateDraftTest"/>
  <testcase name="verifyDraft" time="1.703" classname="mail.tests.VerifyDraftsTests"/>
  <testcase name="verifyDraft" time="1.703" classname="mail.tests.VerifyDraftsTests"/>
  <testcase name="logOut" time="1.621" classname="mail.tests.LogOutTest"/>
  <testcase name="@AfterSuite afterSute" time="0.0" classname="mail.tests.Basic">
    <ignored/>
  </testcase> <!-- @AfterSuite afterSute -->
  <testcase name="@AfterSuite afterSute" time="0.0" classname="mail.tests.Basic">
    <ignored/>
  </testcase> <!-- @AfterSuite afterSute -->
  <testcase name="@AfterSuite afterSute" time="0.0" classname="mail.tests.Basic">
    <ignored/>
  </testcase> <!-- @AfterSuite afterSute -->
  <testcase name="@BeforeSuite beforeSute" time="0.0" classname="mail.tests.Basic">
    <ignored/>
  </testcase> <!-- @BeforeSuite beforeSute -->
  <testcase name="@BeforeSuite beforeSute" time="0.0" classname="mail.tests.Basic">
    <ignored/>
  </testcase> <!-- @BeforeSuite beforeSute -->
  <testcase name="@BeforeSuite beforeSute" time="0.0" classname="mail.tests.Basic">
    <ignored/>
  </testcase> <!-- @BeforeSuite beforeSute -->
</testsuite> <!-- TestMail -->
