<?xml version="1.0" encoding="UTF-8"?>
<testng-results ignored="0" total="10" passed="10" failed="0" skipped="0">
  <reporter-output>
  </reporter-output>
  <suite started-at="2018-04-24T13:09:29Z" name="Mail" finished-at="2018-04-24T13:12:06Z" duration-ms="157124">
    <groups>
      <group name="basic-functions">
        <method signature="CreateDraftTest.createMessage(java.lang.String, java.lang.String, java.lang.String)[pri:1, instance:mail.tests.CreateDraftTest@fba92d3]" name="createMessage" class="mail.tests.CreateDraftTest"/>
        <method signature="LoginTest.login()[pri:0, instance:mail.tests.LoginTest@67c33749]" name="login" class="mail.tests.LoginTest"/>
      </group> <!-- basic-functions -->
      <group name="other-functions">
        <method signature="LogOutTest.logOut()[pri:10, instance:mail.tests.LogOutTest@3d6f0054]" name="logOut" class="mail.tests.LogOutTest"/>
        <method signature="SendLetterTest.sendLetter(java.lang.String, java.lang.String, java.lang.String)[pri:3, instance:mail.tests.SendLetterTest@2a54a73f]" name="sendLetter" class="mail.tests.SendLetterTest"/>
        <method signature="TransferDraft.trancferDrafts(java.lang.String, java.lang.String, java.lang.String)[pri:4, instance:mail.tests.TransferDraft@16a0ee18]" name="trancferDrafts" class="mail.tests.TransferDraft"/>
        <method signature="VerifyDraftsTests.verifyDraft(java.lang.String, java.lang.String, java.lang.String)[pri:2, instance:mail.tests.VerifyDraftsTests@662b4c69]" name="verifyDraft" class="mail.tests.VerifyDraftsTests"/>
      </group> <!-- other-functions -->
    </groups>
    <test started-at="2018-04-24T13:09:29Z" name="TestMail1" finished-at="2018-04-24T13:12:06Z" duration-ms="157124">
      <class name="mail.tests.TransferDraft">
        <test-method is-config="true" signature="beforeClass(java.lang.String)[pri:0, instance:mail.tests.TransferDraft@16a0ee18]" started-at="2018-04-24T16:11:09Z" name="beforeClass" finished-at="2018-04-24T16:11:18Z" duration-ms="9324" status="PASS">
          <params>
            <param index="0">
              <value>
                <![CDATA[driver]]>
              </value>
            </param>
          </params>
          <reporter-output>
          </reporter-output>
        </test-method> <!-- beforeClass -->
        <test-method is-config="true" signature="deleteDrafts()[pri:0, instance:mail.tests.TransferDraft@16a0ee18]" started-at="2018-04-24T16:11:18Z" name="deleteDrafts" finished-at="2018-04-24T16:11:33Z" duration-ms="14823" status="PASS">
          <reporter-output>
          </reporter-output>
        </test-method> <!-- deleteDrafts -->
        <test-method signature="trancferDrafts(java.lang.String, java.lang.String, java.lang.String)[pri:4, instance:mail.tests.TransferDraft@16a0ee18]" started-at="2018-04-24T16:11:33Z" name="trancferDrafts" data-provider="letterData" depends-on-groups="basic-functions" finished-at="2018-04-24T16:11:39Z" duration-ms="6138" status="PASS">
          <params>
            <param index="0">
              <value>
                <![CDATA[gadwil@yandex.ru]]>
              </value>
            </param>
            <param index="1">
              <value>
                <![CDATA[test message №1]]>
              </value>
            </param>
            <param index="2">
              <value>
                <![CDATA[Some message №1]]>
              </value>
            </param>
          </params>
          <reporter-output>
          </reporter-output>
        </test-method> <!-- trancferDrafts -->
        <test-method is-config="true" signature="deleteDrafts()[pri:0, instance:mail.tests.TransferDraft@16a0ee18]" started-at="2018-04-24T16:11:39Z" name="deleteDrafts" finished-at="2018-04-24T16:11:41Z" duration-ms="1570" status="PASS">
          <reporter-output>
          </reporter-output>
        </test-method> <!-- deleteDrafts -->
        <test-method signature="trancferDrafts(java.lang.String, java.lang.String, java.lang.String)[pri:4, instance:mail.tests.TransferDraft@16a0ee18]" started-at="2018-04-24T16:11:41Z" name="trancferDrafts" data-provider="letterData" depends-on-groups="basic-functions" finished-at="2018-04-24T16:11:46Z" duration-ms="5037" status="PASS">
          <params>
            <param index="0">
              <value>
                <![CDATA[gadwil@yandex.ru]]>
              </value>
            </param>
            <param index="1">
              <value>
                <![CDATA[test message №2]]>
              </value>
            </param>
            <param index="2">
              <value>
                <![CDATA[Some message №2]]>
              </value>
            </param>
          </params>
          <reporter-output>
          </reporter-output>
        </test-method> <!-- trancferDrafts -->
        <test-method is-config="true" signature="afterClass()[pri:0, instance:mail.tests.TransferDraft@16a0ee18]" started-at="2018-04-24T16:11:46Z" name="afterClass" finished-at="2018-04-24T16:11:49Z" duration-ms="2544" status="PASS">
          <reporter-output>
          </reporter-output>
        </test-method> <!-- afterClass -->
      </class> <!-- mail.tests.TransferDraft -->
      <class name="mail.tests.LogOutTest">
        <test-method is-config="true" signature="beforeClass(java.lang.String)[pri:0, instance:mail.tests.LogOutTest@3d6f0054]" started-at="2018-04-24T16:11:49Z" name="beforeClass" finished-at="2018-04-24T16:12:00Z" duration-ms="11703" status="PASS">
          <params>
            <param index="0">
              <value>
                <![CDATA[driver]]>
              </value>
            </param>
          </params>
          <reporter-output>
          </reporter-output>
        </test-method> <!-- beforeClass -->
        <test-method signature="logOut()[pri:10, instance:mail.tests.LogOutTest@3d6f0054]" started-at="2018-04-24T16:12:00Z" name="logOut" depends-on-groups="basic-functions" finished-at="2018-04-24T16:12:04Z" duration-ms="4151" status="PASS">
          <reporter-output>
          </reporter-output>
        </test-method> <!-- logOut -->
        <test-method is-config="true" signature="setUp()[pri:0, instance:mail.tests.LogOutTest@3d6f0054]" started-at="2018-04-24T16:12:00Z" name="setUp" finished-at="2018-04-24T16:12:00Z" duration-ms="0" status="PASS">
          <reporter-output>
          </reporter-output>
        </test-method> <!-- setUp -->
        <test-method is-config="true" signature="afterClass()[pri:0, instance:mail.tests.LogOutTest@3d6f0054]" started-at="2018-04-24T16:12:04Z" name="afterClass" finished-at="2018-04-24T16:12:06Z" duration-ms="1669" status="PASS">
          <reporter-output>
          </reporter-output>
        </test-method> <!-- afterClass -->
      </class> <!-- mail.tests.LogOutTest -->
      <class name="mail.tests.CreateDraftTest">
        <test-method is-config="true" signature="beforeClass(java.lang.String)[pri:0, instance:mail.tests.CreateDraftTest@fba92d3]" started-at="2018-04-24T16:09:43Z" name="beforeClass" finished-at="2018-04-24T16:09:51Z" duration-ms="8401" status="PASS">
          <params>
            <param index="0">
              <value>
                <![CDATA[driver]]>
              </value>
            </param>
          </params>
          <reporter-output>
          </reporter-output>
        </test-method> <!-- beforeClass -->
        <test-method is-config="true" signature="setUp()[pri:0, instance:mail.tests.CreateDraftTest@fba92d3]" started-at="2018-04-24T16:09:51Z" name="setUp" finished-at="2018-04-24T16:09:51Z" duration-ms="0" status="PASS">
          <reporter-output>
          </reporter-output>
        </test-method> <!-- setUp -->
        <test-method signature="createMessage(java.lang.String, java.lang.String, java.lang.String)[pri:1, instance:mail.tests.CreateDraftTest@fba92d3]" started-at="2018-04-24T16:09:51Z" name="createMessage" data-provider="letterData" finished-at="2018-04-24T16:10:00Z" duration-ms="8736" status="PASS">
          <params>
            <param index="0">
              <value>
                <![CDATA[gadwil@yandex.ru]]>
              </value>
            </param>
            <param index="1">
              <value>
                <![CDATA[test message №1]]>
              </value>
            </param>
            <param index="2">
              <value>
                <![CDATA[Some message №1]]>
              </value>
            </param>
          </params>
          <reporter-output>
          </reporter-output>
        </test-method> <!-- createMessage -->
        <test-method signature="createMessage(java.lang.String, java.lang.String, java.lang.String)[pri:1, instance:mail.tests.CreateDraftTest@fba92d3]" started-at="2018-04-24T16:10:00Z" name="createMessage" data-provider="letterData" finished-at="2018-04-24T16:10:04Z" duration-ms="3894" status="PASS">
          <params>
            <param index="0">
              <value>
                <![CDATA[gadwil@yandex.ru]]>
              </value>
            </param>
            <param index="1">
              <value>
                <![CDATA[test message №2]]>
              </value>
            </param>
            <param index="2">
              <value>
                <![CDATA[Some message №2]]>
              </value>
            </param>
          </params>
          <reporter-output>
          </reporter-output>
        </test-method> <!-- createMessage -->
        <test-method is-config="true" signature="deleteDrafts()[pri:0, instance:mail.tests.CreateDraftTest@fba92d3]" started-at="2018-04-24T16:10:04Z" name="deleteDrafts" finished-at="2018-04-24T16:10:06Z" duration-ms="2134" status="PASS">
          <reporter-output>
          </reporter-output>
        </test-method> <!-- deleteDrafts -->
        <test-method is-config="true" signature="afterClass()[pri:0, instance:mail.tests.CreateDraftTest@fba92d3]" started-at="2018-04-24T16:10:06Z" name="afterClass" finished-at="2018-04-24T16:10:08Z" duration-ms="1868" status="PASS">
          <reporter-output>
          </reporter-output>
        </test-method> <!-- afterClass -->
      </class> <!-- mail.tests.CreateDraftTest -->
      <class name="mail.tests.SendLetterTest">
        <test-method is-config="true" signature="beforeClass(java.lang.String)[pri:0, instance:mail.tests.SendLetterTest@2a54a73f]" started-at="2018-04-24T16:10:40Z" name="beforeClass" finished-at="2018-04-24T16:10:49Z" duration-ms="9026" status="PASS">
          <params>
            <param index="0">
              <value>
                <![CDATA[driver]]>
              </value>
            </param>
          </params>
          <reporter-output>
          </reporter-output>
        </test-method> <!-- beforeClass -->
        <test-method is-config="true" signature="setUp()[pri:0, instance:mail.tests.SendLetterTest@2a54a73f]" started-at="2018-04-24T16:10:49Z" name="setUp" finished-at="2018-04-24T16:10:49Z" duration-ms="5" status="PASS">
          <reporter-output>
          </reporter-output>
        </test-method> <!-- setUp -->
        <test-method signature="sendLetter(java.lang.String, java.lang.String, java.lang.String)[pri:3, instance:mail.tests.SendLetterTest@2a54a73f]" started-at="2018-04-24T16:10:49Z" name="sendLetter" data-provider="FillLetter" depends-on-groups="basic-functions" finished-at="2018-04-24T16:11:00Z" duration-ms="10667" status="PASS">
          <params>
            <param index="0">
              <value>
                <![CDATA[gadwil@yandex.ru]]>
              </value>
            </param>
            <param index="1">
              <value>
                <![CDATA[test message №1]]>
              </value>
            </param>
            <param index="2">
              <value>
                <![CDATA[Some message №1]]>
              </value>
            </param>
          </params>
          <reporter-output>
          </reporter-output>
        </test-method> <!-- sendLetter -->
        <test-method is-config="true" signature="deleteSendedMessage()[pri:0, instance:mail.tests.SendLetterTest@2a54a73f]" started-at="2018-04-24T16:11:00Z" name="deleteSendedMessage" finished-at="2018-04-24T16:11:01Z" duration-ms="1121" status="PASS">
          <reporter-output>
          </reporter-output>
        </test-method> <!-- deleteSendedMessage -->
        <test-method signature="sendLetter(java.lang.String, java.lang.String, java.lang.String)[pri:3, instance:mail.tests.SendLetterTest@2a54a73f]" started-at="2018-04-24T16:11:01Z" name="sendLetter" data-provider="FillLetter" depends-on-groups="basic-functions" finished-at="2018-04-24T16:11:06Z" duration-ms="5528" status="PASS">
          <params>
            <param index="0">
              <value>
                <![CDATA[gadwil@yandex.ru]]>
              </value>
            </param>
            <param index="1">
              <value>
                <![CDATA[test message №2]]>
              </value>
            </param>
            <param index="2">
              <value>
                <![CDATA[Some message №2]]>
              </value>
            </param>
          </params>
          <reporter-output>
          </reporter-output>
        </test-method> <!-- sendLetter -->
        <test-method is-config="true" signature="deleteSendedMessage()[pri:0, instance:mail.tests.SendLetterTest@2a54a73f]" started-at="2018-04-24T16:11:06Z" name="deleteSendedMessage" finished-at="2018-04-24T16:11:07Z" duration-ms="702" status="PASS">
          <reporter-output>
          </reporter-output>
        </test-method> <!-- deleteSendedMessage -->
        <test-method is-config="true" signature="afterClass()[pri:0, instance:mail.tests.SendLetterTest@2a54a73f]" started-at="2018-04-24T16:11:07Z" name="afterClass" finished-at="2018-04-24T16:11:09Z" duration-ms="1918" status="PASS">
          <reporter-output>
          </reporter-output>
        </test-method> <!-- afterClass -->
      </class> <!-- mail.tests.SendLetterTest -->
      <class name="mail.tests.VerifyDraftsTests">
        <test-method is-config="true" signature="beforeClass(java.lang.String)[pri:0, instance:mail.tests.VerifyDraftsTests@662b4c69]" started-at="2018-04-24T16:10:08Z" name="beforeClass" finished-at="2018-04-24T16:10:18Z" duration-ms="10213" status="PASS">
          <params>
            <param index="0">
              <value>
                <![CDATA[driver]]>
              </value>
            </param>
          </params>
          <reporter-output>
          </reporter-output>
        </test-method> <!-- beforeClass -->
        <test-method is-config="true" signature="setUp()[pri:0, instance:mail.tests.VerifyDraftsTests@662b4c69]" started-at="2018-04-24T16:10:18Z" name="setUp" finished-at="2018-04-24T16:10:18Z" duration-ms="2" status="PASS">
          <reporter-output>
          </reporter-output>
        </test-method> <!-- setUp -->
        <test-method signature="verifyDraft(java.lang.String, java.lang.String, java.lang.String)[pri:2, instance:mail.tests.VerifyDraftsTests@662b4c69]" started-at="2018-04-24T16:10:18Z" name="verifyDraft" data-provider="FillLetter" depends-on-groups="basic-functions" finished-at="2018-04-24T16:10:30Z" duration-ms="11819" status="PASS">
          <params>
            <param index="0">
              <value>
                <![CDATA[gadwil@yandex.ru]]>
              </value>
            </param>
            <param index="1">
              <value>
                <![CDATA[test message №1]]>
              </value>
            </param>
            <param index="2">
              <value>
                <![CDATA[Some message №1]]>
              </value>
            </param>
          </params>
          <reporter-output>
          </reporter-output>
        </test-method> <!-- verifyDraft -->
        <test-method signature="verifyDraft(java.lang.String, java.lang.String, java.lang.String)[pri:2, instance:mail.tests.VerifyDraftsTests@662b4c69]" started-at="2018-04-24T16:10:30Z" name="verifyDraft" data-provider="FillLetter" depends-on-groups="basic-functions" finished-at="2018-04-24T16:10:36Z" duration-ms="5842" status="PASS">
          <params>
            <param index="0">
              <value>
                <![CDATA[gadwil@yandex.ru]]>
              </value>
            </param>
            <param index="1">
              <value>
                <![CDATA[test message №2]]>
              </value>
            </param>
            <param index="2">
              <value>
                <![CDATA[Some message №2]]>
              </value>
            </param>
          </params>
          <reporter-output>
          </reporter-output>
        </test-method> <!-- verifyDraft -->
        <test-method is-config="true" signature="deleteDrafts()[pri:0, instance:mail.tests.VerifyDraftsTests@662b4c69]" started-at="2018-04-24T16:10:36Z" name="deleteDrafts" finished-at="2018-04-24T16:10:38Z" duration-ms="1976" status="PASS">
          <reporter-output>
          </reporter-output>
        </test-method> <!-- deleteDrafts -->
        <test-method is-config="true" signature="afterClass()[pri:0, instance:mail.tests.VerifyDraftsTests@662b4c69]" started-at="2018-04-24T16:10:38Z" name="afterClass" finished-at="2018-04-24T16:10:40Z" duration-ms="2399" status="PASS">
          <reporter-output>
          </reporter-output>
        </test-method> <!-- afterClass -->
      </class> <!-- mail.tests.VerifyDraftsTests -->
      <class name="mail.tests.LoginTest">
        <test-method is-config="true" signature="beforeClass(java.lang.String)[pri:0, instance:mail.tests.LoginTest@67c33749]" started-at="2018-04-24T16:09:29Z" name="beforeClass" finished-at="2018-04-24T16:09:38Z" duration-ms="9149" status="PASS">
          <params>
            <param index="0">
              <value>
                <![CDATA[driver]]>
              </value>
            </param>
          </params>
          <reporter-output>
          </reporter-output>
        </test-method> <!-- beforeClass -->
        <test-method is-config="true" signature="setUp()[pri:0, instance:mail.tests.LoginTest@67c33749]" started-at="2018-04-24T16:09:38Z" name="setUp" finished-at="2018-04-24T16:09:38Z" duration-ms="0" status="PASS">
          <reporter-output>
          </reporter-output>
        </test-method> <!-- setUp -->
        <test-method signature="login()[pri:0, instance:mail.tests.LoginTest@67c33749]" started-at="2018-04-24T16:09:38Z" name="login" finished-at="2018-04-24T16:09:41Z" duration-ms="2562" status="PASS">
          <reporter-output>
          </reporter-output>
        </test-method> <!-- login -->
        <test-method is-config="true" signature="afterClass()[pri:0, instance:mail.tests.LoginTest@67c33749]" started-at="2018-04-24T16:09:41Z" name="afterClass" finished-at="2018-04-24T16:09:43Z" duration-ms="2158" status="PASS">
          <reporter-output>
          </reporter-output>
        </test-method> <!-- afterClass -->
      </class> <!-- mail.tests.LoginTest -->
    </test> <!-- TestMail1 -->
  </suite> <!-- Mail -->
</testng-results>
