<?xml version="1.0" encoding="UTF-8"?>
<testng-results skipped="0" failed="0" ignored="6" total="12" passed="6">
  <reporter-output>
  </reporter-output>
  <suite name="Mail Test" duration-ms="20160" started-at="2018-03-30T08:54:35Z" finished-at="2018-03-30T08:54:55Z">
    <groups>
      <group name="createDraft">
        <method signature="CreateDraftTest.createDraft(java.lang.String, java.lang.String, java.lang.String)[pri:0, instance:mail.tests.CreateDraftTest@1de76cc7]" name="createDraft" class="mail.tests.CreateDraftTest"/>
      </group> <!-- createDraft -->
      <group name="login">
        <method signature="LoginTest.logInTest()[pri:0, instance:mail.tests.LoginTest@485966cc]" name="logInTest" class="mail.tests.LoginTest"/>
      </group> <!-- login -->
    </groups>
    <test name="TestNgMail" duration-ms="20160" started-at="2018-03-30T08:54:35Z" finished-at="2018-03-30T08:54:55Z">
      <class name="mail.tests.LogOutTest">
        <test-method status="PASS" signature="logOut()[pri:2, instance:mail.tests.LogOutTest@7c711375]" name="logOut" duration-ms="1535" depends-on-groups="login" started-at="2018-03-30T11:54:54Z" finished-at="2018-03-30T11:54:55Z">
          <reporter-output>
          </reporter-output>
        </test-method> <!-- logOut -->
      </class> <!-- mail.tests.LogOutTest -->
      <class name="mail.tests.CreateDraftTest">
        <test-method status="PASS" signature="createDraft(java.lang.String, java.lang.String, java.lang.String)[pri:0, instance:mail.tests.CreateDraftTest@1de76cc7]" name="createDraft" duration-ms="1288" depends-on-groups="login" started-at="2018-03-30T11:54:42Z" data-provider="dataToFillLetter" finished-at="2018-03-30T11:54:44Z">
          <params>
            <param index="0">
              <value>
                <![CDATA[gadwil@yandex.ru]]>
              </value>
            </param>
            <param index="1">
              <value>
                <![CDATA[test message]]>
              </value>
            </param>
            <param index="2">
              <value>
                <![CDATA[Some message]]>
              </value>
            </param>
          </params>
          <reporter-output>
          </reporter-output>
        </test-method> <!-- createDraft -->
        <test-method status="PASS" signature="saveDraft()[pri:0, instance:mail.tests.CreateDraftTest@1de76cc7]" name="saveDraft" is-config="true" duration-ms="1164" started-at="2018-03-30T11:54:44Z" finished-at="2018-03-30T11:54:45Z">
          <reporter-output>
          </reporter-output>
        </test-method> <!-- saveDraft -->
        <test-method status="PASS" signature="createDraft(java.lang.String, java.lang.String, java.lang.String)[pri:0, instance:mail.tests.CreateDraftTest@1de76cc7]" name="createDraft" duration-ms="553" depends-on-groups="login" started-at="2018-03-30T11:54:45Z" data-provider="dataToFillLetter" finished-at="2018-03-30T11:54:45Z">
          <params>
            <param index="0">
              <value>
                <![CDATA[g]]>
              </value>
            </param>
            <param index="1">
              <value>
                <![CDATA[t]]>
              </value>
            </param>
            <param index="2">
              <value>
                <![CDATA[S]]>
              </value>
            </param>
          </params>
          <reporter-output>
          </reporter-output>
        </test-method> <!-- createDraft -->
        <test-method status="PASS" signature="saveDraft()[pri:0, instance:mail.tests.CreateDraftTest@1de76cc7]" name="saveDraft" is-config="true" duration-ms="1278" started-at="2018-03-30T11:54:45Z" finished-at="2018-03-30T11:54:47Z">
          <reporter-output>
          </reporter-output>
        </test-method> <!-- saveDraft -->
      </class> <!-- mail.tests.CreateDraftTest -->
      <class name="mail.tests.VerifyDraftsTests">
        <test-method status="PASS" signature="setUp()[pri:0, instance:mail.tests.VerifyDraftsTests@593aaf41]" name="setUp" is-config="true" duration-ms="1" started-at="2018-03-30T11:54:47Z" finished-at="2018-03-30T11:54:47Z">
          <reporter-output>
          </reporter-output>
        </test-method> <!-- setUp -->
        <test-method status="PASS" signature="verifyDraft(java.lang.String, java.lang.String, java.lang.String)[pri:1, instance:mail.tests.VerifyDraftsTests@593aaf41]" name="verifyDraft" duration-ms="1377" depends-on-groups="createDraft" started-at="2018-03-30T11:54:47Z" data-provider="dataToFillLetter" finished-at="2018-03-30T11:54:48Z">
          <params>
            <param index="0">
              <value>
                <![CDATA[gadwil@yandex.ru]]>
              </value>
            </param>
            <param index="1">
              <value>
                <![CDATA[test message]]>
              </value>
            </param>
            <param index="2">
              <value>
                <![CDATA[Some message]]>
              </value>
            </param>
          </params>
          <reporter-output>
          </reporter-output>
        </test-method> <!-- verifyDraft -->
        <test-method status="PASS" signature="deleteDrafts()[pri:0, instance:mail.tests.VerifyDraftsTests@593aaf41]" name="deleteDrafts" is-config="true" duration-ms="2184" started-at="2018-03-30T11:54:48Z" finished-at="2018-03-30T11:54:50Z">
          <reporter-output>
          </reporter-output>
        </test-method> <!-- deleteDrafts -->
        <test-method status="PASS" signature="setUp()[pri:0, instance:mail.tests.VerifyDraftsTests@593aaf41]" name="setUp" is-config="true" duration-ms="3" started-at="2018-03-30T11:54:50Z" finished-at="2018-03-30T11:54:50Z">
          <reporter-output>
          </reporter-output>
        </test-method> <!-- setUp -->
        <test-method status="PASS" signature="verifyDraft(java.lang.String, java.lang.String, java.lang.String)[pri:1, instance:mail.tests.VerifyDraftsTests@593aaf41]" name="verifyDraft" duration-ms="1536" depends-on-groups="createDraft" started-at="2018-03-30T11:54:50Z" data-provider="dataToFillLetter" finished-at="2018-03-30T11:54:52Z">
          <params>
            <param index="0">
              <value>
                <![CDATA[g]]>
              </value>
            </param>
            <param index="1">
              <value>
                <![CDATA[t]]>
              </value>
            </param>
            <param index="2">
              <value>
                <![CDATA[S]]>
              </value>
            </param>
          </params>
          <reporter-output>
          </reporter-output>
        </test-method> <!-- verifyDraft -->
        <test-method status="PASS" signature="deleteDrafts()[pri:0, instance:mail.tests.VerifyDraftsTests@593aaf41]" name="deleteDrafts" is-config="true" duration-ms="1954" started-at="2018-03-30T11:54:52Z" finished-at="2018-03-30T11:54:54Z">
          <reporter-output>
          </reporter-output>
        </test-method> <!-- deleteDrafts -->
      </class> <!-- mail.tests.VerifyDraftsTests -->
      <class name="mail.tests.LoginTest">
        <test-method status="PASS" signature="beforeSute()[pri:0, instance:mail.tests.LoginTest@485966cc]" name="beforeSute" is-config="true" duration-ms="11" started-at="2018-03-30T11:54:35Z" finished-at="2018-03-30T11:54:35Z">
          <reporter-output>
          </reporter-output>
        </test-method> <!-- beforeSute -->
        <test-method status="PASS" signature="logInTest()[pri:0, instance:mail.tests.LoginTest@485966cc]" name="logInTest" duration-ms="7247" started-at="2018-03-30T11:54:35Z" finished-at="2018-03-30T11:54:42Z">
          <reporter-output>
          </reporter-output>
        </test-method> <!-- logInTest -->
        <test-method status="PASS" signature="afterSute()[pri:0, instance:mail.tests.LoginTest@485966cc]" name="afterSute" is-config="true" duration-ms="1662" started-at="2018-03-30T11:54:55Z" finished-at="2018-03-30T11:54:57Z">
          <reporter-output>
          </reporter-output>
        </test-method> <!-- afterSute -->
      </class> <!-- mail.tests.LoginTest -->
    </test> <!-- TestNgMail -->
  </suite> <!-- Mail Test -->
</testng-results>
