<?xml version="1.0" encoding="UTF-8"?>
<!-- Generated by org.testng.reporters.JUnitXMLReporter -->
<testsuite ignored="0" hostname="EPRURYAW0060" failures="4" tests="10" name="TestMail" time="203.992" errors="0" timestamp="19 Apr 2018 12:49:29 GMT">
  <testcase classname="mail.tests.LoginTest" name="login" time="6.717"/>
  <testcase classname="mail.tests.SendLetterTest" name="sendLetter" time="9.631"/>
  <testcase classname="mail.tests.SendLetterTest" name="sendLetter" time="20.775">
    <failure type="org.openqa.selenium.TimeoutException" message="Expected condition failed: waiting for visibility of Proxy element for: DefaultElementLocator &amp;apos;By.name: to&amp;apos; (tried for 10 second(s) with 500 milliseconds interval)">
      <![CDATA[org.openqa.selenium.TimeoutException: Expected condition failed: waiting for visibility of Proxy element for: DefaultElementLocator 'By.name: to' (tried for 10 second(s) with 500 milliseconds interval)at org.openqa.selenium.support.ui.WebDriverWait.timeoutException(WebDriverWait.java:81)at org.openqa.selenium.support.ui.FluentWait.until(FluentWait.java:271)at mail.pages.write.WriteLetterPage.waitVisibleElement(WriteLetterPage.java:42)at mail.pages.write.WriteLetterPage.fillToField(WriteLetterPage.java:48)at mail.utility.CreateDraft.fillFields(CreateDraft.java:16)at mail.tests.SendLetterTest.sendLetter(SendLetterTest.java:24)Caused by: org.openqa.selenium.NoSuchElementException: Unable to locate element: *[name='to']For documentation on this error, please visit: http://seleniumhq.org/exceptions/no_such_element.htmlBuild info: version: '3.11.0', revision: 'e59cfb3', time: '2018-03-11T20:26:55.152Z'System info: host: 'EPRURYAW0060', ip: '10.19.10.150', os.name: 'Windows 10', os.arch: 'amd64', os.version: '10.0', java.version: '9.0.4'Driver info: org.openqa.selenium.remote.RemoteWebDriverCapabilities {acceptInsecureCerts: true, browserName: firefox, browserVersion: 59.0.2, javascriptEnabled: true, moz:accessibilityChecks: false, moz:headless: false, moz:processID: 9092, moz:profile: C:\Users\Igor_Morozov\AppDa..., moz:useNonSpecCompliantPointerOrigin: false, moz:webdriverClick: true, pageLoadStrategy: normal, platform: XP, platformName: XP, platformVersion: 10.0, rotatable: false, timeouts: {implicit: 0, pageLoad: 300000, script: 30000}, webdriver.remote.sessionid: 2e54d051-8cdd-4b3d-a9b7-f99...}Session ID: 2e54d051-8cdd-4b3d-a9b7-f995ac90a297*** Element info: {Using=name, value=to}at org.openqa.selenium.remote.http.W3CHttpResponseCodec.createException(W3CHttpResponseCodec.java:187)at org.openqa.selenium.remote.http.W3CHttpResponseCodec.decode(W3CHttpResponseCodec.java:122)at org.openqa.selenium.remote.http.W3CHttpResponseCodec.decode(W3CHttpResponseCodec.java:49)at org.openqa.selenium.remote.HttpCommandExecutor.execute(HttpCommandExecutor.java:158)at org.openqa.selenium.remote.RemoteWebDriver.execute(RemoteWebDriver.java:545)at org.openqa.selenium.remote.RemoteWebDriver.findElement(RemoteWebDriver.java:319)at org.openqa.selenium.remote.RemoteWebDriver.findElementByName(RemoteWebDriver.java:397)at org.openqa.selenium.By$ByName.findElement(By.java:303)at org.openqa.selenium.remote.RemoteWebDriver.findElement(RemoteWebDriver.java:311)at org.openqa.selenium.support.pagefactory.DefaultElementLocator.findElement(DefaultElementLocator.java:69)at org.openqa.selenium.support.pagefactory.internal.LocatingElementHandler.invoke(LocatingElementHandler.java:38)at com.sun.proxy.$Proxy14.isDisplayed(Unknown Source)at org.openqa.selenium.support.ui.ExpectedConditions.elementIfVisible(ExpectedConditions.java:315)at org.openqa.selenium.support.ui.ExpectedConditions.access$100(ExpectedConditions.java:44)at org.openqa.selenium.support.ui.ExpectedConditions$10.apply(ExpectedConditions.java:301)at org.openqa.selenium.support.ui.ExpectedConditions$10.apply(ExpectedConditions.java:298)at org.openqa.selenium.support.ui.FluentWait.until(FluentWait.java:248)... 29 more... Removed 29 stack frames]]>
    </failure>
  </testcase> <!-- sendLetter -->
  <testcase classname="mail.tests.TransferDraft" name="trancferDrafts" time="6.271"/>
  <testcase classname="mail.tests.TransferDraft" name="trancferDrafts" time="3.652">
    <failure type="org.openqa.selenium.StaleElementReferenceException" message="The element reference of &amp;lt;span class=&amp;quot;mail-NestedList-Item-Name js-folders-item-name&amp;quot;&amp;gt; is stale; either the element is no longer attached to the DOM, it is not in the current frame context, or the document has been refreshed
For documentation on this error, please visit: http://seleniumhq.org/exceptions/stale_element_reference.html
Build info: version: &amp;apos;3.11.0&amp;apos;, revision: &amp;apos;e59cfb3&amp;apos;, time: &amp;apos;2018-03-11T20:26:55.152Z&amp;apos;
System info: host: &amp;apos;EPRURYAW0060&amp;apos;, ip: &amp;apos;10.19.10.150&amp;apos;, os.name: &amp;apos;Windows 10&amp;apos;, os.arch: &amp;apos;amd64&amp;apos;, os.version: &amp;apos;10.0&amp;apos;, java.version: &amp;apos;9.0.4&amp;apos;
Driver info: org.openqa.selenium.remote.RemoteWebDriver
Capabilities {acceptInsecureCerts: true, browserName: firefox, browserVersion: 59.0.2, javascriptEnabled: true, moz:accessibilityChecks: false, moz:headless: false, moz:processID: 9348, moz:profile: C:\Users\Igor_Morozov\AppDa..., moz:useNonSpecCompliantPointerOrigin: false, moz:webdriverClick: true, pageLoadStrategy: normal, platform: XP, platformName: XP, platformVersion: 10.0, rotatable: false, timeouts: {implicit: 0, pageLoad: 300000, script: 30000}, webdriver.remote.sessionid: ff5f563a-1ec5-45fc-8b18-d7a...}
Session ID: ff5f563a-1ec5-45fc-8b18-d7af34c09922">
      <![CDATA[org.openqa.selenium.StaleElementReferenceException: The element reference of <span class="mail-NestedList-Item-Name js-folders-item-name"> is stale; either the element is no longer attached to the DOM, it is not in the current frame context, or the document has been refreshedFor documentation on this error, please visit: http://seleniumhq.org/exceptions/stale_element_reference.htmlBuild info: version: '3.11.0', revision: 'e59cfb3', time: '2018-03-11T20:26:55.152Z'System info: host: 'EPRURYAW0060', ip: '10.19.10.150', os.name: 'Windows 10', os.arch: 'amd64', os.version: '10.0', java.version: '9.0.4'Driver info: org.openqa.selenium.remote.RemoteWebDriverCapabilities {acceptInsecureCerts: true, browserName: firefox, browserVersion: 59.0.2, javascriptEnabled: true, moz:accessibilityChecks: false, moz:headless: false, moz:processID: 9348, moz:profile: C:\Users\Igor_Morozov\AppDa..., moz:useNonSpecCompliantPointerOrigin: false, moz:webdriverClick: true, pageLoadStrategy: normal, platform: XP, platformName: XP, platformVersion: 10.0, rotatable: false, timeouts: {implicit: 0, pageLoad: 300000, script: 30000}, webdriver.remote.sessionid: ff5f563a-1ec5-45fc-8b18-d7a...}Session ID: ff5f563a-1ec5-45fc-8b18-d7af34c09922at org.openqa.selenium.remote.http.W3CHttpResponseCodec.createException(W3CHttpResponseCodec.java:187)at org.openqa.selenium.remote.http.W3CHttpResponseCodec.decode(W3CHttpResponseCodec.java:122)at org.openqa.selenium.remote.http.W3CHttpResponseCodec.decode(W3CHttpResponseCodec.java:49)at org.openqa.selenium.remote.HttpCommandExecutor.execute(HttpCommandExecutor.java:158)at org.openqa.selenium.remote.RemoteWebDriver.execute(RemoteWebDriver.java:545)at org.openqa.selenium.remote.RemoteWebDriver.perform(RemoteWebDriver.java:611)at org.openqa.selenium.interactions.Actions$BuiltAction.perform(Actions.java:638)at mail.pages.overall.LinksToMainPages.toDraftLinkClick(LinksToMainPages.java:46)at mail.tests.TransferDraft.trancferDrafts(TransferDraft.java:25)... Removed 29 stack frames]]>
    </failure>
  </testcase> <!-- trancferDrafts -->
  <testcase classname="mail.tests.CreateDraftTest" name="createMessage" time="3.611"/>
  <testcase classname="mail.tests.CreateDraftTest" name="createMessage" time="2.678"/>
  <testcase classname="mail.tests.VerifyDraftsTests" name="verifyDraft" time="7.491">
    <failure type="org.openqa.selenium.StaleElementReferenceException" message="The element reference of &amp;lt;span class=&amp;quot;mail-NestedList-Item-Name js-folders-item-name&amp;quot;&amp;gt; is stale; either the element is no longer attached to the DOM, it is not in the current frame context, or the document has been refreshed
For documentation on this error, please visit: http://seleniumhq.org/exceptions/stale_element_reference.html
Build info: version: &amp;apos;3.11.0&amp;apos;, revision: &amp;apos;e59cfb3&amp;apos;, time: &amp;apos;2018-03-11T20:26:55.152Z&amp;apos;
System info: host: &amp;apos;EPRURYAW0060&amp;apos;, ip: &amp;apos;10.19.10.150&amp;apos;, os.name: &amp;apos;Windows 10&amp;apos;, os.arch: &amp;apos;amd64&amp;apos;, os.version: &amp;apos;10.0&amp;apos;, java.version: &amp;apos;9.0.4&amp;apos;
Driver info: org.openqa.selenium.remote.RemoteWebDriver
Capabilities {acceptInsecureCerts: true, browserName: firefox, browserVersion: 59.0.2, javascriptEnabled: true, moz:accessibilityChecks: false, moz:headless: false, moz:processID: 1288, moz:profile: C:\Users\Igor_Morozov\AppDa..., moz:useNonSpecCompliantPointerOrigin: false, moz:webdriverClick: true, pageLoadStrategy: normal, platform: XP, platformName: XP, platformVersion: 10.0, rotatable: false, timeouts: {implicit: 0, pageLoad: 300000, script: 30000}, webdriver.remote.sessionid: 9d82b051-c41f-4fd6-bd40-c44...}
Session ID: 9d82b051-c41f-4fd6-bd40-c449158590c2">
      <![CDATA[org.openqa.selenium.StaleElementReferenceException: The element reference of <span class="mail-NestedList-Item-Name js-folders-item-name"> is stale; either the element is no longer attached to the DOM, it is not in the current frame context, or the document has been refreshedFor documentation on this error, please visit: http://seleniumhq.org/exceptions/stale_element_reference.htmlBuild info: version: '3.11.0', revision: 'e59cfb3', time: '2018-03-11T20:26:55.152Z'System info: host: 'EPRURYAW0060', ip: '10.19.10.150', os.name: 'Windows 10', os.arch: 'amd64', os.version: '10.0', java.version: '9.0.4'Driver info: org.openqa.selenium.remote.RemoteWebDriverCapabilities {acceptInsecureCerts: true, browserName: firefox, browserVersion: 59.0.2, javascriptEnabled: true, moz:accessibilityChecks: false, moz:headless: false, moz:processID: 1288, moz:profile: C:\Users\Igor_Morozov\AppDa..., moz:useNonSpecCompliantPointerOrigin: false, moz:webdriverClick: true, pageLoadStrategy: normal, platform: XP, platformName: XP, platformVersion: 10.0, rotatable: false, timeouts: {implicit: 0, pageLoad: 300000, script: 30000}, webdriver.remote.sessionid: 9d82b051-c41f-4fd6-bd40-c44...}Session ID: 9d82b051-c41f-4fd6-bd40-c449158590c2at org.openqa.selenium.remote.http.W3CHttpResponseCodec.createException(W3CHttpResponseCodec.java:187)at org.openqa.selenium.remote.http.W3CHttpResponseCodec.decode(W3CHttpResponseCodec.java:122)at org.openqa.selenium.remote.http.W3CHttpResponseCodec.decode(W3CHttpResponseCodec.java:49)at org.openqa.selenium.remote.HttpCommandExecutor.execute(HttpCommandExecutor.java:158)at org.openqa.selenium.remote.RemoteWebDriver.execute(RemoteWebDriver.java:545)at org.openqa.selenium.remote.RemoteWebDriver.perform(RemoteWebDriver.java:611)at org.openqa.selenium.interactions.Actions$BuiltAction.perform(Actions.java:638)at mail.pages.overall.LinksToMainPages.toDraftLinkClick(LinksToMainPages.java:46)at mail.tests.VerifyDraftsTests.verifyDraft(VerifyDraftsTests.java:33)... Removed 29 stack frames]]>
    </failure>
  </testcase> <!-- verifyDraft -->
  <testcase classname="mail.tests.VerifyDraftsTests" name="verifyDraft" time="3.26">
    <failure type="org.openqa.selenium.StaleElementReferenceException" message="The element reference of &amp;lt;span class=&amp;quot;mail-NestedList-Item-Name js-folders-item-name&amp;quot;&amp;gt; is stale; either the element is no longer attached to the DOM, it is not in the current frame context, or the document has been refreshed
For documentation on this error, please visit: http://seleniumhq.org/exceptions/stale_element_reference.html
Build info: version: &amp;apos;3.11.0&amp;apos;, revision: &amp;apos;e59cfb3&amp;apos;, time: &amp;apos;2018-03-11T20:26:55.152Z&amp;apos;
System info: host: &amp;apos;EPRURYAW0060&amp;apos;, ip: &amp;apos;10.19.10.150&amp;apos;, os.name: &amp;apos;Windows 10&amp;apos;, os.arch: &amp;apos;amd64&amp;apos;, os.version: &amp;apos;10.0&amp;apos;, java.version: &amp;apos;9.0.4&amp;apos;
Driver info: org.openqa.selenium.remote.RemoteWebDriver
Capabilities {acceptInsecureCerts: true, browserName: firefox, browserVersion: 59.0.2, javascriptEnabled: true, moz:accessibilityChecks: false, moz:headless: false, moz:processID: 1288, moz:profile: C:\Users\Igor_Morozov\AppDa..., moz:useNonSpecCompliantPointerOrigin: false, moz:webdriverClick: true, pageLoadStrategy: normal, platform: XP, platformName: XP, platformVersion: 10.0, rotatable: false, timeouts: {implicit: 0, pageLoad: 300000, script: 30000}, webdriver.remote.sessionid: 9d82b051-c41f-4fd6-bd40-c44...}
Session ID: 9d82b051-c41f-4fd6-bd40-c449158590c2">
      <![CDATA[org.openqa.selenium.StaleElementReferenceException: The element reference of <span class="mail-NestedList-Item-Name js-folders-item-name"> is stale; either the element is no longer attached to the DOM, it is not in the current frame context, or the document has been refreshedFor documentation on this error, please visit: http://seleniumhq.org/exceptions/stale_element_reference.htmlBuild info: version: '3.11.0', revision: 'e59cfb3', time: '2018-03-11T20:26:55.152Z'System info: host: 'EPRURYAW0060', ip: '10.19.10.150', os.name: 'Windows 10', os.arch: 'amd64', os.version: '10.0', java.version: '9.0.4'Driver info: org.openqa.selenium.remote.RemoteWebDriverCapabilities {acceptInsecureCerts: true, browserName: firefox, browserVersion: 59.0.2, javascriptEnabled: true, moz:accessibilityChecks: false, moz:headless: false, moz:processID: 1288, moz:profile: C:\Users\Igor_Morozov\AppDa..., moz:useNonSpecCompliantPointerOrigin: false, moz:webdriverClick: true, pageLoadStrategy: normal, platform: XP, platformName: XP, platformVersion: 10.0, rotatable: false, timeouts: {implicit: 0, pageLoad: 300000, script: 30000}, webdriver.remote.sessionid: 9d82b051-c41f-4fd6-bd40-c44...}Session ID: 9d82b051-c41f-4fd6-bd40-c449158590c2at org.openqa.selenium.remote.http.W3CHttpResponseCodec.createException(W3CHttpResponseCodec.java:187)at org.openqa.selenium.remote.http.W3CHttpResponseCodec.decode(W3CHttpResponseCodec.java:122)at org.openqa.selenium.remote.http.W3CHttpResponseCodec.decode(W3CHttpResponseCodec.java:49)at org.openqa.selenium.remote.HttpCommandExecutor.execute(HttpCommandExecutor.java:158)at org.openqa.selenium.remote.RemoteWebDriver.execute(RemoteWebDriver.java:545)at org.openqa.selenium.remote.RemoteWebDriver.perform(RemoteWebDriver.java:611)at org.openqa.selenium.interactions.Actions$BuiltAction.perform(Actions.java:638)at mail.pages.overall.LinksToMainPages.toDraftLinkClick(LinksToMainPages.java:46)at mail.tests.VerifyDraftsTests.verifyDraft(VerifyDraftsTests.java:33)... Removed 29 stack frames]]>
    </failure>
  </testcase> <!-- verifyDraft -->
  <testcase classname="mail.tests.LogOutTest" name="logOut" time="9.251"/>
</testsuite> <!-- TestMail -->
