<?xml version="1.0" encoding="UTF-8"?>
<!-- Generated by org.testng.reporters.JUnitXMLReporter -->
<testsuite ignored="0" hostname="EPRURYAW0060" failures="0" tests="10" name="TestMail1" time="157.124" errors="0" timestamp="24 Apr 2018 13:12:06 GMT">
  <testcase classname="mail.tests.LoginTest" name="login" time="2.562"/>
  <testcase classname="mail.tests.CreateDraftTest" name="createMessage" time="8.736"/>
  <testcase classname="mail.tests.CreateDraftTest" name="createMessage" time="3.894"/>
  <testcase classname="mail.tests.VerifyDraftsTests" name="verifyDraft" time="11.819"/>
  <testcase classname="mail.tests.VerifyDraftsTests" name="verifyDraft" time="5.842"/>
  <testcase classname="mail.tests.SendLetterTest" name="sendLetter" time="10.667"/>
  <testcase classname="mail.tests.SendLetterTest" name="sendLetter" time="5.528"/>
  <testcase classname="mail.tests.TransferDraft" name="trancferDrafts" time="6.138"/>
  <testcase classname="mail.tests.TransferDraft" name="trancferDrafts" time="5.037"/>
  <testcase classname="mail.tests.LogOutTest" name="logOut" time="4.151"/>
</testsuite> <!-- TestMail1 -->
