<?xml version="1.0" encoding="UTF-8"?>
<!-- Generated by org.testng.reporters.JUnitXMLReporter -->
<testsuite ignored="0" hostname="EPRURYAW0060" failures="0" tests="10" name="TestMail1" time="149.282" errors="0" timestamp="25 Apr 2018 10:00:13 GMT">
  <testcase classname="mail.tests.LoginTest" name="login" time="2.558"/>
  <testcase classname="mail.tests.CreateDraftTest" name="createMessage" time="6.871"/>
  <testcase classname="mail.tests.CreateDraftTest" name="createMessage" time="3.555"/>
  <testcase classname="mail.tests.VerifyDraftsTests" name="verifyDraft" time="11.427"/>
  <testcase classname="mail.tests.VerifyDraftsTests" name="verifyDraft" time="5.974"/>
  <testcase classname="mail.tests.SendLetterTest" name="sendLetter" time="10.174"/>
  <testcase classname="mail.tests.SendLetterTest" name="sendLetter" time="4.911"/>
  <testcase classname="mail.tests.TransferDraft" name="trancferDrafts" time="8.214"/>
  <testcase classname="mail.tests.TransferDraft" name="trancferDrafts" time="5.789"/>
  <testcase classname="mail.tests.LogOutTest" name="logOut" time="4.537"/>
</testsuite> <!-- TestMail1 -->
